2024-03-13 17:15:54 notice: If you cannot use automatic connection management, use $connection->getDriver()->connect() instead.
/var/www/app/templates/Pages/home.php, line: 30
You can disable all deprecation warnings by setting `Error.errorLevel` to `E_ALL & ~E_USER_DEPRECATED`. Adding `templates/Pages/home.php` to `Error.ignoredDeprecationPaths` in your `config/app.php` config will mute deprecations from that file only.
Request URL: /
Client IP: 172.22.0.1
Trace:
/var/www/app/vendor/cakephp/cakephp/src/Core/functions.php /var/www/app/vendor/cakephp/cakephp/src/Core/functions.php, line 318
/var/www/app/vendor/cakephp/cakephp/src/Database/Connection.php /var/www/app/vendor/cakephp/cakephp/src/Database/Connection.php, line 323
Cake\Database\Connection->connect() /var/www/app/templates/Pages/home.php, line 30
Cake\View\View->{closure}() /var/www/app/templates/Pages/home.php, line 167
/var/www/app/vendor/cakephp/cakephp/src/View/View.php /var/www/app/vendor/cakephp/cakephp/src/View/View.php, line 1222
Cake\View\View->_evaluate() /var/www/app/vendor/cakephp/cakephp/src/View/View.php, line 1179
Cake\View\View->_render() /var/www/app/vendor/cakephp/cakephp/src/View/View.php, line 810
Cake\View\View->render() /var/www/app/vendor/cakephp/cakephp/src/Controller/Controller.php, line 790
Cake\Controller\Controller->render() /var/www/app/src/Controller/PagesController.php, line 65
App\Controller\PagesController->display() /var/www/app/vendor/cakephp/cakephp/src/Controller/Controller.php, line 560
Cake\Controller\Controller->invokeAction() /var/www/app/vendor/cakephp/cakephp/src/Controller/ControllerFactory.php, line 140
Cake\Controller\ControllerFactory->handle() /var/www/app/vendor/cakephp/cakephp/src/Controller/ControllerFactory.php, line 115
Cake\Controller\ControllerFactory->invoke() /var/www/app/vendor/cakephp/cakephp/src/Http/BaseApplication.php, line 325
Cake\Http\BaseApplication->handle() /var/www/app/vendor/cakephp/cakephp/src/Http/Runner.php, line 86
Cake\Http\Runner->handle() /var/www/app/vendor/cakephp/cakephp/src/Http/Middleware/CsrfProtectionMiddleware.php, line 166
Cake\Http\Middleware\CsrfProtectionMiddleware->process() /var/www/app/vendor/cakephp/cakephp/src/Http/Runner.php, line 82
Cake\Http\Runner->handle() /var/www/app/vendor/cakephp/cakephp/src/Http/Middleware/BodyParserMiddleware.php, line 157
Cake\Http\Middleware\BodyParserMiddleware->process() /var/www/app/vendor/cakephp/cakephp/src/Http/Runner.php, line 82
Cake\Http\Runner->handle() /var/www/app/vendor/cakephp/cakephp/src/Routing/Middleware/RoutingMiddleware.php, line 189
Cake\Routing\Middleware\RoutingMiddleware->process() /var/www/app/vendor/cakephp/cakephp/src/Http/Runner.php, line 82
Cake\Http\Runner->handle() /var/www/app/vendor/cakephp/cakephp/src/Routing/Middleware/AssetMiddleware.php, line 68
Cake\Routing\Middleware\AssetMiddleware->process() /var/www/app/vendor/cakephp/cakephp/src/Http/Runner.php, line 82
Cake\Http\Runner->handle() /var/www/app/vendor/cakephp/cakephp/src/Error/Middleware/ErrorHandlerMiddleware.php, line 149
Cake\Error\Middleware\ErrorHandlerMiddleware->process() /var/www/app/vendor/cakephp/cakephp/src/Http/Runner.php, line 82
Cake\Http\Runner->handle() /var/www/app/vendor/cakephp/debug_kit/src/Middleware/DebugKitMiddleware.php, line 60
DebugKit\Middleware\DebugKitMiddleware->process() /var/www/app/vendor/cakephp/cakephp/src/Http/Runner.php, line 82
Cake\Http\Runner->handle() /var/www/app/vendor/cakephp/cakephp/src/Http/Runner.php, line 67
Cake\Http\Runner->run() /var/www/app/vendor/cakephp/cakephp/src/Http/Server.php, line 99
Cake\Http\Server->run() /var/www/app/webroot/index.php, line 40
[main]

2024-03-13 17:25:57 notice: If you cannot use automatic connection management, use $connection->getDriver()->connect() instead.
/var/www/app/templates/Pages/home.php, line: 30
You can disable all deprecation warnings by setting `Error.errorLevel` to `E_ALL & ~E_USER_DEPRECATED`. Adding `templates/Pages/home.php` to `Error.ignoredDeprecationPaths` in your `config/app.php` config will mute deprecations from that file only.
Request URL: /
Client IP: 172.23.0.1
Trace:
/var/www/app/vendor/cakephp/cakephp/src/Core/functions.php /var/www/app/vendor/cakephp/cakephp/src/Core/functions.php, line 318
/var/www/app/vendor/cakephp/cakephp/src/Database/Connection.php /var/www/app/vendor/cakephp/cakephp/src/Database/Connection.php, line 323
Cake\Database\Connection->connect() /var/www/app/templates/Pages/home.php, line 30
Cake\View\View->{closure}() /var/www/app/templates/Pages/home.php, line 167
/var/www/app/vendor/cakephp/cakephp/src/View/View.php /var/www/app/vendor/cakephp/cakephp/src/View/View.php, line 1222
Cake\View\View->_evaluate() /var/www/app/vendor/cakephp/cakephp/src/View/View.php, line 1179
Cake\View\View->_render() /var/www/app/vendor/cakephp/cakephp/src/View/View.php, line 810
Cake\View\View->render() /var/www/app/vendor/cakephp/cakephp/src/Controller/Controller.php, line 790
Cake\Controller\Controller->render() /var/www/app/src/Controller/PagesController.php, line 65
App\Controller\PagesController->display() /var/www/app/vendor/cakephp/cakephp/src/Controller/Controller.php, line 560
Cake\Controller\Controller->invokeAction() /var/www/app/vendor/cakephp/cakephp/src/Controller/ControllerFactory.php, line 140
Cake\Controller\ControllerFactory->handle() /var/www/app/vendor/cakephp/cakephp/src/Controller/ControllerFactory.php, line 115
Cake\Controller\ControllerFactory->invoke() /var/www/app/vendor/cakephp/cakephp/src/Http/BaseApplication.php, line 325
Cake\Http\BaseApplication->handle() /var/www/app/vendor/cakephp/cakephp/src/Http/Runner.php, line 86
Cake\Http\Runner->handle() /var/www/app/vendor/cakephp/cakephp/src/Http/Middleware/CsrfProtectionMiddleware.php, line 176
Cake\Http\Middleware\CsrfProtectionMiddleware->process() /var/www/app/vendor/cakephp/cakephp/src/Http/Runner.php, line 82
Cake\Http\Runner->handle() /var/www/app/vendor/cakephp/cakephp/src/Http/Middleware/BodyParserMiddleware.php, line 157
Cake\Http\Middleware\BodyParserMiddleware->process() /var/www/app/vendor/cakephp/cakephp/src/Http/Runner.php, line 82
Cake\Http\Runner->handle() /var/www/app/vendor/cakephp/cakephp/src/Routing/Middleware/RoutingMiddleware.php, line 189
Cake\Routing\Middleware\RoutingMiddleware->process() /var/www/app/vendor/cakephp/cakephp/src/Http/Runner.php, line 82
Cake\Http\Runner->handle() /var/www/app/vendor/cakephp/cakephp/src/Routing/Middleware/AssetMiddleware.php, line 68
Cake\Routing\Middleware\AssetMiddleware->process() /var/www/app/vendor/cakephp/cakephp/src/Http/Runner.php, line 82
Cake\Http\Runner->handle() /var/www/app/vendor/cakephp/cakephp/src/Error/Middleware/ErrorHandlerMiddleware.php, line 149
Cake\Error\Middleware\ErrorHandlerMiddleware->process() /var/www/app/vendor/cakephp/cakephp/src/Http/Runner.php, line 82
Cake\Http\Runner->handle() /var/www/app/vendor/cakephp/debug_kit/src/Middleware/DebugKitMiddleware.php, line 60
DebugKit\Middleware\DebugKitMiddleware->process() /var/www/app/vendor/cakephp/cakephp/src/Http/Runner.php, line 82
Cake\Http\Runner->handle() /var/www/app/vendor/cakephp/cakephp/src/Http/Runner.php, line 67
Cake\Http\Runner->run() /var/www/app/vendor/cakephp/cakephp/src/Http/Server.php, line 99
Cake\Http\Server->run() /var/www/app/webroot/index.php, line 40
[main]

2024-03-13 17:30:33 notice: If you cannot use automatic connection management, use $connection->getDriver()->connect() instead.
/var/www/app/templates/Pages/home.php, line: 30
You can disable all deprecation warnings by setting `Error.errorLevel` to `E_ALL & ~E_USER_DEPRECATED`. Adding `templates/Pages/home.php` to `Error.ignoredDeprecationPaths` in your `config/app.php` config will mute deprecations from that file only.
Request URL: /
Client IP: 172.23.0.1
Trace:
/var/www/app/vendor/cakephp/cakephp/src/Core/functions.php /var/www/app/vendor/cakephp/cakephp/src/Core/functions.php, line 318
/var/www/app/vendor/cakephp/cakephp/src/Database/Connection.php /var/www/app/vendor/cakephp/cakephp/src/Database/Connection.php, line 323
Cake\Database\Connection->connect() /var/www/app/templates/Pages/home.php, line 30
Cake\View\View->{closure}() /var/www/app/templates/Pages/home.php, line 167
/var/www/app/vendor/cakephp/cakephp/src/View/View.php /var/www/app/vendor/cakephp/cakephp/src/View/View.php, line 1222
Cake\View\View->_evaluate() /var/www/app/vendor/cakephp/cakephp/src/View/View.php, line 1179
Cake\View\View->_render() /var/www/app/vendor/cakephp/cakephp/src/View/View.php, line 810
Cake\View\View->render() /var/www/app/vendor/cakephp/cakephp/src/Controller/Controller.php, line 790
Cake\Controller\Controller->render() /var/www/app/src/Controller/PagesController.php, line 65
App\Controller\PagesController->display() /var/www/app/vendor/cakephp/cakephp/src/Controller/Controller.php, line 560
Cake\Controller\Controller->invokeAction() /var/www/app/vendor/cakephp/cakephp/src/Controller/ControllerFactory.php, line 140
Cake\Controller\ControllerFactory->handle() /var/www/app/vendor/cakephp/cakephp/src/Controller/ControllerFactory.php, line 115
Cake\Controller\ControllerFactory->invoke() /var/www/app/vendor/cakephp/cakephp/src/Http/BaseApplication.php, line 325
Cake\Http\BaseApplication->handle() /var/www/app/vendor/cakephp/cakephp/src/Http/Runner.php, line 86
Cake\Http\Runner->handle() /var/www/app/vendor/cakephp/cakephp/src/Http/Middleware/CsrfProtectionMiddleware.php, line 176
Cake\Http\Middleware\CsrfProtectionMiddleware->process() /var/www/app/vendor/cakephp/cakephp/src/Http/Runner.php, line 82
Cake\Http\Runner->handle() /var/www/app/vendor/cakephp/cakephp/src/Http/Middleware/BodyParserMiddleware.php, line 157
Cake\Http\Middleware\BodyParserMiddleware->process() /var/www/app/vendor/cakephp/cakephp/src/Http/Runner.php, line 82
Cake\Http\Runner->handle() /var/www/app/vendor/cakephp/cakephp/src/Routing/Middleware/RoutingMiddleware.php, line 189
Cake\Routing\Middleware\RoutingMiddleware->process() /var/www/app/vendor/cakephp/cakephp/src/Http/Runner.php, line 82
Cake\Http\Runner->handle() /var/www/app/vendor/cakephp/cakephp/src/Routing/Middleware/AssetMiddleware.php, line 68
Cake\Routing\Middleware\AssetMiddleware->process() /var/www/app/vendor/cakephp/cakephp/src/Http/Runner.php, line 82
Cake\Http\Runner->handle() /var/www/app/vendor/cakephp/cakephp/src/Error/Middleware/ErrorHandlerMiddleware.php, line 149
Cake\Error\Middleware\ErrorHandlerMiddleware->process() /var/www/app/vendor/cakephp/cakephp/src/Http/Runner.php, line 82
Cake\Http\Runner->handle() /var/www/app/vendor/cakephp/debug_kit/src/Middleware/DebugKitMiddleware.php, line 60
DebugKit\Middleware\DebugKitMiddleware->process() /var/www/app/vendor/cakephp/cakephp/src/Http/Runner.php, line 82
Cake\Http\Runner->handle() /var/www/app/vendor/cakephp/cakephp/src/Http/Runner.php, line 67
Cake\Http\Runner->run() /var/www/app/vendor/cakephp/cakephp/src/Http/Server.php, line 99
Cake\Http\Server->run() /var/www/app/webroot/index.php, line 40
[main]

2024-03-13 17:30:35 notice: If you cannot use automatic connection management, use $connection->getDriver()->connect() instead.
/var/www/app/templates/Pages/home.php, line: 30
You can disable all deprecation warnings by setting `Error.errorLevel` to `E_ALL & ~E_USER_DEPRECATED`. Adding `templates/Pages/home.php` to `Error.ignoredDeprecationPaths` in your `config/app.php` config will mute deprecations from that file only.
Request URL: /
Client IP: 172.23.0.1
Trace:
/var/www/app/vendor/cakephp/cakephp/src/Core/functions.php /var/www/app/vendor/cakephp/cakephp/src/Core/functions.php, line 318
/var/www/app/vendor/cakephp/cakephp/src/Database/Connection.php /var/www/app/vendor/cakephp/cakephp/src/Database/Connection.php, line 323
Cake\Database\Connection->connect() /var/www/app/templates/Pages/home.php, line 30
Cake\View\View->{closure}() /var/www/app/templates/Pages/home.php, line 167
/var/www/app/vendor/cakephp/cakephp/src/View/View.php /var/www/app/vendor/cakephp/cakephp/src/View/View.php, line 1222
Cake\View\View->_evaluate() /var/www/app/vendor/cakephp/cakephp/src/View/View.php, line 1179
Cake\View\View->_render() /var/www/app/vendor/cakephp/cakephp/src/View/View.php, line 810
Cake\View\View->render() /var/www/app/vendor/cakephp/cakephp/src/Controller/Controller.php, line 790
Cake\Controller\Controller->render() /var/www/app/src/Controller/PagesController.php, line 65
App\Controller\PagesController->display() /var/www/app/vendor/cakephp/cakephp/src/Controller/Controller.php, line 560
Cake\Controller\Controller->invokeAction() /var/www/app/vendor/cakephp/cakephp/src/Controller/ControllerFactory.php, line 140
Cake\Controller\ControllerFactory->handle() /var/www/app/vendor/cakephp/cakephp/src/Controller/ControllerFactory.php, line 115
Cake\Controller\ControllerFactory->invoke() /var/www/app/vendor/cakephp/cakephp/src/Http/BaseApplication.php, line 325
Cake\Http\BaseApplication->handle() /var/www/app/vendor/cakephp/cakephp/src/Http/Runner.php, line 86
Cake\Http\Runner->handle() /var/www/app/vendor/cakephp/cakephp/src/Http/Middleware/CsrfProtectionMiddleware.php, line 176
Cake\Http\Middleware\CsrfProtectionMiddleware->process() /var/www/app/vendor/cakephp/cakephp/src/Http/Runner.php, line 82
Cake\Http\Runner->handle() /var/www/app/vendor/cakephp/cakephp/src/Http/Middleware/BodyParserMiddleware.php, line 157
Cake\Http\Middleware\BodyParserMiddleware->process() /var/www/app/vendor/cakephp/cakephp/src/Http/Runner.php, line 82
Cake\Http\Runner->handle() /var/www/app/vendor/cakephp/cakephp/src/Routing/Middleware/RoutingMiddleware.php, line 189
Cake\Routing\Middleware\RoutingMiddleware->process() /var/www/app/vendor/cakephp/cakephp/src/Http/Runner.php, line 82
Cake\Http\Runner->handle() /var/www/app/vendor/cakephp/cakephp/src/Routing/Middleware/AssetMiddleware.php, line 68
Cake\Routing\Middleware\AssetMiddleware->process() /var/www/app/vendor/cakephp/cakephp/src/Http/Runner.php, line 82
Cake\Http\Runner->handle() /var/www/app/vendor/cakephp/cakephp/src/Error/Middleware/ErrorHandlerMiddleware.php, line 149
Cake\Error\Middleware\ErrorHandlerMiddleware->process() /var/www/app/vendor/cakephp/cakephp/src/Http/Runner.php, line 82
Cake\Http\Runner->handle() /var/www/app/vendor/cakephp/debug_kit/src/Middleware/DebugKitMiddleware.php, line 60
DebugKit\Middleware\DebugKitMiddleware->process() /var/www/app/vendor/cakephp/cakephp/src/Http/Runner.php, line 82
Cake\Http\Runner->handle() /var/www/app/vendor/cakephp/cakephp/src/Http/Runner.php, line 67
Cake\Http\Runner->run() /var/www/app/vendor/cakephp/cakephp/src/Http/Server.php, line 99
Cake\Http\Server->run() /var/www/app/webroot/index.php, line 40
[main]

2024-03-13 17:32:03 notice: If you cannot use automatic connection management, use $connection->getDriver()->connect() instead.
/var/www/app/templates/Pages/home.php, line: 30
You can disable all deprecation warnings by setting `Error.errorLevel` to `E_ALL & ~E_USER_DEPRECATED`. Adding `templates/Pages/home.php` to `Error.ignoredDeprecationPaths` in your `config/app.php` config will mute deprecations from that file only.
Request URL: /
Client IP: 172.25.0.1
Trace:
/var/www/app/vendor/cakephp/cakephp/src/Core/functions.php /var/www/app/vendor/cakephp/cakephp/src/Core/functions.php, line 318
/var/www/app/vendor/cakephp/cakephp/src/Database/Connection.php /var/www/app/vendor/cakephp/cakephp/src/Database/Connection.php, line 323
Cake\Database\Connection->connect() /var/www/app/templates/Pages/home.php, line 30
Cake\View\View->{closure}() /var/www/app/templates/Pages/home.php, line 167
/var/www/app/vendor/cakephp/cakephp/src/View/View.php /var/www/app/vendor/cakephp/cakephp/src/View/View.php, line 1222
Cake\View\View->_evaluate() /var/www/app/vendor/cakephp/cakephp/src/View/View.php, line 1179
Cake\View\View->_render() /var/www/app/vendor/cakephp/cakephp/src/View/View.php, line 810
Cake\View\View->render() /var/www/app/vendor/cakephp/cakephp/src/Controller/Controller.php, line 790
Cake\Controller\Controller->render() /var/www/app/src/Controller/PagesController.php, line 65
App\Controller\PagesController->display() /var/www/app/vendor/cakephp/cakephp/src/Controller/Controller.php, line 560
Cake\Controller\Controller->invokeAction() /var/www/app/vendor/cakephp/cakephp/src/Controller/ControllerFactory.php, line 140
Cake\Controller\ControllerFactory->handle() /var/www/app/vendor/cakephp/cakephp/src/Controller/ControllerFactory.php, line 115
Cake\Controller\ControllerFactory->invoke() /var/www/app/vendor/cakephp/cakephp/src/Http/BaseApplication.php, line 325
Cake\Http\BaseApplication->handle() /var/www/app/vendor/cakephp/cakephp/src/Http/Runner.php, line 86
Cake\Http\Runner->handle() /var/www/app/vendor/cakephp/cakephp/src/Http/Middleware/CsrfProtectionMiddleware.php, line 176
Cake\Http\Middleware\CsrfProtectionMiddleware->process() /var/www/app/vendor/cakephp/cakephp/src/Http/Runner.php, line 82
Cake\Http\Runner->handle() /var/www/app/vendor/cakephp/cakephp/src/Http/Middleware/BodyParserMiddleware.php, line 157
Cake\Http\Middleware\BodyParserMiddleware->process() /var/www/app/vendor/cakephp/cakephp/src/Http/Runner.php, line 82
Cake\Http\Runner->handle() /var/www/app/vendor/cakephp/cakephp/src/Routing/Middleware/RoutingMiddleware.php, line 189
Cake\Routing\Middleware\RoutingMiddleware->process() /var/www/app/vendor/cakephp/cakephp/src/Http/Runner.php, line 82
Cake\Http\Runner->handle() /var/www/app/vendor/cakephp/cakephp/src/Routing/Middleware/AssetMiddleware.php, line 68
Cake\Routing\Middleware\AssetMiddleware->process() /var/www/app/vendor/cakephp/cakephp/src/Http/Runner.php, line 82
Cake\Http\Runner->handle() /var/www/app/vendor/cakephp/cakephp/src/Error/Middleware/ErrorHandlerMiddleware.php, line 149
Cake\Error\Middleware\ErrorHandlerMiddleware->process() /var/www/app/vendor/cakephp/cakephp/src/Http/Runner.php, line 82
Cake\Http\Runner->handle() /var/www/app/vendor/cakephp/debug_kit/src/Middleware/DebugKitMiddleware.php, line 60
DebugKit\Middleware\DebugKitMiddleware->process() /var/www/app/vendor/cakephp/cakephp/src/Http/Runner.php, line 82
Cake\Http\Runner->handle() /var/www/app/vendor/cakephp/cakephp/src/Http/Runner.php, line 67
Cake\Http\Runner->run() /var/www/app/vendor/cakephp/cakephp/src/Http/Server.php, line 99
Cake\Http\Server->run() /var/www/app/webroot/index.php, line 40
[main]

2024-03-13 17:32:32 notice: If you cannot use automatic connection management, use $connection->getDriver()->connect() instead.
/var/www/app/templates/Pages/home.php, line: 30
You can disable all deprecation warnings by setting `Error.errorLevel` to `E_ALL & ~E_USER_DEPRECATED`. Adding `templates/Pages/home.php` to `Error.ignoredDeprecationPaths` in your `config/app.php` config will mute deprecations from that file only.
Request URL: /
Client IP: 172.25.0.1
Trace:
/var/www/app/vendor/cakephp/cakephp/src/Core/functions.php /var/www/app/vendor/cakephp/cakephp/src/Core/functions.php, line 318
/var/www/app/vendor/cakephp/cakephp/src/Database/Connection.php /var/www/app/vendor/cakephp/cakephp/src/Database/Connection.php, line 323
Cake\Database\Connection->connect() /var/www/app/templates/Pages/home.php, line 30
Cake\View\View->{closure}() /var/www/app/templates/Pages/home.php, line 167
/var/www/app/vendor/cakephp/cakephp/src/View/View.php /var/www/app/vendor/cakephp/cakephp/src/View/View.php, line 1222
Cake\View\View->_evaluate() /var/www/app/vendor/cakephp/cakephp/src/View/View.php, line 1179
Cake\View\View->_render() /var/www/app/vendor/cakephp/cakephp/src/View/View.php, line 810
Cake\View\View->render() /var/www/app/vendor/cakephp/cakephp/src/Controller/Controller.php, line 790
Cake\Controller\Controller->render() /var/www/app/src/Controller/PagesController.php, line 65
App\Controller\PagesController->display() /var/www/app/vendor/cakephp/cakephp/src/Controller/Controller.php, line 560
Cake\Controller\Controller->invokeAction() /var/www/app/vendor/cakephp/cakephp/src/Controller/ControllerFactory.php, line 140
Cake\Controller\ControllerFactory->handle() /var/www/app/vendor/cakephp/cakephp/src/Controller/ControllerFactory.php, line 115
Cake\Controller\ControllerFactory->invoke() /var/www/app/vendor/cakephp/cakephp/src/Http/BaseApplication.php, line 325
Cake\Http\BaseApplication->handle() /var/www/app/vendor/cakephp/cakephp/src/Http/Runner.php, line 86
Cake\Http\Runner->handle() /var/www/app/vendor/cakephp/cakephp/src/Http/Middleware/CsrfProtectionMiddleware.php, line 176
Cake\Http\Middleware\CsrfProtectionMiddleware->process() /var/www/app/vendor/cakephp/cakephp/src/Http/Runner.php, line 82
Cake\Http\Runner->handle() /var/www/app/vendor/cakephp/cakephp/src/Http/Middleware/BodyParserMiddleware.php, line 157
Cake\Http\Middleware\BodyParserMiddleware->process() /var/www/app/vendor/cakephp/cakephp/src/Http/Runner.php, line 82
Cake\Http\Runner->handle() /var/www/app/vendor/cakephp/cakephp/src/Routing/Middleware/RoutingMiddleware.php, line 189
Cake\Routing\Middleware\RoutingMiddleware->process() /var/www/app/vendor/cakephp/cakephp/src/Http/Runner.php, line 82
Cake\Http\Runner->handle() /var/www/app/vendor/cakephp/cakephp/src/Routing/Middleware/AssetMiddleware.php, line 68
Cake\Routing\Middleware\AssetMiddleware->process() /var/www/app/vendor/cakephp/cakephp/src/Http/Runner.php, line 82
Cake\Http\Runner->handle() /var/www/app/vendor/cakephp/cakephp/src/Error/Middleware/ErrorHandlerMiddleware.php, line 149
Cake\Error\Middleware\ErrorHandlerMiddleware->process() /var/www/app/vendor/cakephp/cakephp/src/Http/Runner.php, line 82
Cake\Http\Runner->handle() /var/www/app/vendor/cakephp/debug_kit/src/Middleware/DebugKitMiddleware.php, line 60
DebugKit\Middleware\DebugKitMiddleware->process() /var/www/app/vendor/cakephp/cakephp/src/Http/Runner.php, line 82
Cake\Http\Runner->handle() /var/www/app/vendor/cakephp/cakephp/src/Http/Runner.php, line 67
Cake\Http\Runner->run() /var/www/app/vendor/cakephp/cakephp/src/Http/Server.php, line 99
Cake\Http\Server->run() /var/www/app/webroot/index.php, line 40
[main]

